11/20/22, 17:50:02, 4, 0, :File not found.
11/20/22, 17:50:02, 4, 0, :File not found.
11/20/22, 17:54:59, 4, 0, :File not found.
11/20/22, 17:54:59, 4, 0, :File not found.
11/20/22, 17:58:55, 4, 0, :Invalid directory.
11/20/22, 17:58:55, 4, 0, :Invalid directory.
11/20/22, 17:59:28, 4, 0, :Invalid directory.
11/20/22, 17:59:28, 4, 0, :Invalid directory.
11/20/22, 19:46:38, 4, 0, E:\My Documents\Kuliah 2022\Ganjil 22-23\PBD_Hamdan\PAplikasiToko_PBD_IF21Dx\PAplikasiToko_PBD_IF21Dx\bin\Debug\notajual.rpt:The remaining text does not appear to be part of the formula.
11/20/22, 20:28:05, 4, 0, E:\My Documents\Kuliah 2022\Ganjil 22-23\PBD_Hamdan\PAplikasiToko_PBD_IF21Dx\PAplikasiToko_PBD_IF21Dx\bin\Debug\notajual.rpt:Error detected by database DLL.
12/12/22, 23:26:35, 4, 0, D:\My Documents\Kuliah 2022\Ganjil 22-23\PBD_Hamdan\Aplikasi\PAplikasiToko_PBD_IF21Dx\PAplikasiToko_PBD_IF21Dx\bin\Debug\notaJual2.rpt:This field name is not known.
12/12/22, 23:26:41, 4, 0, D:\My Documents\Kuliah 2022\Ganjil 22-23\PBD_Hamdan\Aplikasi\PAplikasiToko_PBD_IF21Dx\PAplikasiToko_PBD_IF21Dx\bin\Debug\notaJual2.rpt:This field name is not known.
12/12/22, 23:28:20, 4, 0, D:\My Documents\Kuliah 2022\Ganjil 22-23\PBD_Hamdan\Aplikasi\PAplikasiToko_PBD_IF21Dx\PAplikasiToko_PBD_IF21Dx\bin\Debug\notaJual2.rpt:This field name is not known.
12/13/22, 21:37:28, 4, 0, D:\My Documents\Kuliah 2022\Ganjil 22-23\PBD_Hamdan\Aplikasi\PAplikasiToko_PBD_IF21Dx\PAplikasiToko_PBD_IF21Dx\bin\Debug\notaJual2.rpt:Server has not yet been opened.
12/13/22, 21:38:24, 4, 0, D:\My Documents\Kuliah 2022\Ganjil 22-23\PBD_Hamdan\Aplikasi\PAplikasiToko_PBD_IF21Dx\PAplikasiToko_PBD_IF21Dx\bin\Debug\notaJual2.rpt:Server has not yet been opened.
12/13/22, 21:42:36, 4, 0, D:\My Documents\Kuliah 2022\Ganjil 22-23\PBD_Hamdan\Aplikasi\PAplikasiToko_PBD_IF21Dx\PAplikasiToko_PBD_IF21Dx\bin\Debug\notaJual2.rpt:Server has not yet been opened.
12/13/22, 21:42:40, 4, 0, D:\My Documents\Kuliah 2022\Ganjil 22-23\PBD_Hamdan\Aplikasi\PAplikasiToko_PBD_IF21Dx\PAplikasiToko_PBD_IF21Dx\bin\Debug\notaJual2.rpt:Server has not yet been opened.
12/13/22, 21:45:02, 4, 0, D:\My Documents\Kuliah 2022\Ganjil 22-23\PBD_Hamdan\Aplikasi\PAplikasiToko_PBD_IF21Dx\PAplikasiToko_PBD_IF21Dx\bin\Debug\notaJual2.rpt:Server has not yet been opened.
12/13/22, 21:45:11, 4, 0, D:\My Documents\Kuliah 2022\Ganjil 22-23\PBD_Hamdan\Aplikasi\PAplikasiToko_PBD_IF21Dx\PAplikasiToko_PBD_IF21Dx\bin\Debug\notaJual2.rpt:Server has not yet been opened.
12/13/22, 21:46:36, 4, 0, D:\My Documents\Kuliah 2022\Ganjil 22-23\PBD_Hamdan\Aplikasi\PAplikasiToko_PBD_IF21Dx\PAplikasiToko_PBD_IF21Dx\bin\Debug\notaJual.rpt:Server has not yet been opened.
12/13/22, 21:48:22, 4, 0, D:\My Documents\Kuliah 2022\Ganjil 22-23\PBD_Hamdan\Aplikasi\PAplikasiToko_PBD_IF21Dx\PAplikasiToko_PBD_IF21Dx\bin\Debug\notaJual.rpt:Server has not yet been opened.
12/13/22, 21:57:41, 4, 0, D:\My Documents\Kuliah 2022\Ganjil 22-23\PBD_Hamdan\Aplikasi\PAplikasiToko_PBD_IF21Dx\PAplikasiToko_PBD_IF21Dx\bin\Debug\notaJual.rpt:Server has not yet been opened.
12/13/22, 21:57:47, 4, 0, D:\My Documents\Kuliah 2022\Ganjil 22-23\PBD_Hamdan\Aplikasi\PAplikasiToko_PBD_IF21Dx\PAplikasiToko_PBD_IF21Dx\bin\Debug\notaJual.rpt:Server has not yet been opened.
12/13/22, 21:59:16, 4, 0, D:\My Documents\Kuliah 2022\Ganjil 22-23\PBD_Hamdan\Aplikasi\PAplikasiToko_PBD_IF21Dx\PAplikasiToko_PBD_IF21Dx\bin\Debug\notaJual2.rpt:Server has not yet been opened.
12/14/22, 11:15:23, 4, 0, D:\My Documents\Kuliah 2022\Ganjil 22-23\PBD_Hamdan\Aplikasi\PAplikasiToko_PBD_IF21Dx\PAplikasiToko_PBD_IF21Dx\bin\Debug\laporanPembelian.rpt:This field name is not known.
12/14/22, 11:16:53, 4, 0, D:\My Documents\Kuliah 2022\Ganjil 22-23\PBD_Hamdan\Aplikasi\PAplikasiToko_PBD_IF21Dx\PAplikasiToko_PBD_IF21Dx\bin\Debug\laporanPembelian.rpt:This field name is not known.
12/14/22, 11:16:57, 4, 0, D:\My Documents\Kuliah 2022\Ganjil 22-23\PBD_Hamdan\Aplikasi\PAplikasiToko_PBD_IF21Dx\PAplikasiToko_PBD_IF21Dx\bin\Debug\laporanPembelian.rpt:This field name is not known.
12/14/22, 11:17:10, 4, 0, D:\My Documents\Kuliah 2022\Ganjil 22-23\PBD_Hamdan\Aplikasi\PAplikasiToko_PBD_IF21Dx\PAplikasiToko_PBD_IF21Dx\bin\Debug\laporanPembelian.rpt:This field name is not known.
12/14/22, 11:18:27, 4, 0, D:\My Documents\Kuliah 2022\Ganjil 22-23\PBD_Hamdan\Aplikasi\PAplikasiToko_PBD_IF21Dx\PAplikasiToko_PBD_IF21Dx\bin\Debug\laporanPembelian.rpt:This field name is not known.
12/14/22, 11:22:08, 4, 0, D:\My Documents\Kuliah 2022\Ganjil 22-23\PBD_Hamdan\Aplikasi\PAplikasiToko_PBD_IF21Dx\PAplikasiToko_PBD_IF21Dx\bin\Debug\laporanPembelian.rpt:This field name is not known.
12/14/22, 11:22:10, 4, 0, D:\My Documents\Kuliah 2022\Ganjil 22-23\PBD_Hamdan\Aplikasi\PAplikasiToko_PBD_IF21Dx\PAplikasiToko_PBD_IF21Dx\bin\Debug\laporanPembelian.rpt:This field name is not known.
12/14/22, 11:22:41, 4, 0, D:\My Documents\Kuliah 2022\Ganjil 22-23\PBD_Hamdan\Aplikasi\PAplikasiToko_PBD_IF21Dx\PAplikasiToko_PBD_IF21Dx\bin\Debug\laporanPembelian.rpt:The remaining text does not appear to be part of the formula.
12/14/22, 11:22:44, 4, 0, D:\My Documents\Kuliah 2022\Ganjil 22-23\PBD_Hamdan\Aplikasi\PAplikasiToko_PBD_IF21Dx\PAplikasiToko_PBD_IF21Dx\bin\Debug\laporanPembelian.rpt:The remaining text does not appear to be part of the formula.
12/14/22, 11:36:42, 4, 0, D:\My Documents\Kuliah 2022\Ganjil 22-23\PBD_Hamdan\Aplikasi\PAplikasiToko_PBD_IF21Dx\PAplikasiToko_PBD_IF21Dx\bin\Debug\laporanPembelian.rpt:This field name is not known.
12/14/22, 15:26:06, 4, 0, D:\My Documents\Kuliah 2022\Ganjil 22-23\PBD_Hamdan\Aplikasi\PAplikasiToko_PBD_IF21Dx\PAplikasiToko_PBD_IF21Dx\bin\Debug\laporanPembelian.rpt:A date is required here.
12/14/22, 15:26:12, 4, 0, D:\My Documents\Kuliah 2022\Ganjil 22-23\PBD_Hamdan\Aplikasi\PAplikasiToko_PBD_IF21Dx\PAplikasiToko_PBD_IF21Dx\bin\Debug\laporanPembelian.rpt:A date is required here.
12/14/22, 15:46:59, 4, 0, D:\My Documents\Kuliah 2022\Ganjil 22-23\PBD_Hamdan\Aplikasi\PAplikasiToko_PBD_IF21Dx\PAplikasiToko_PBD_IF21Dx\bin\Debug\laporanPembelian.rpt:A date is required here.
12/14/22, 15:47:03, 4, 0, D:\My Documents\Kuliah 2022\Ganjil 22-23\PBD_Hamdan\Aplikasi\PAplikasiToko_PBD_IF21Dx\PAplikasiToko_PBD_IF21Dx\bin\Debug\laporanPembelian.rpt:A date is required here.
12/14/22, 15:47:14, 4, 0, D:\My Documents\Kuliah 2022\Ganjil 22-23\PBD_Hamdan\Aplikasi\PAplikasiToko_PBD_IF21Dx\PAplikasiToko_PBD_IF21Dx\bin\Debug\laporanPembelian.rpt:A date is required here.
12/14/22, 15:49:16, 4, 0, D:\My Documents\Kuliah 2022\Ganjil 22-23\PBD_Hamdan\Aplikasi\PAplikasiToko_PBD_IF21Dx\PAplikasiToko_PBD_IF21Dx\bin\Debug\laporanPembelian.rpt:A date is required here.
12/14/22, 15:49:18, 4, 0, D:\My Documents\Kuliah 2022\Ganjil 22-23\PBD_Hamdan\Aplikasi\PAplikasiToko_PBD_IF21Dx\PAplikasiToko_PBD_IF21Dx\bin\Debug\laporanPembelian.rpt:A date is required here.
12/14/22, 15:49:34, 4, 0, D:\My Documents\Kuliah 2022\Ganjil 22-23\PBD_Hamdan\Aplikasi\PAplikasiToko_PBD_IF21Dx\PAplikasiToko_PBD_IF21Dx\bin\Debug\laporanPembelian.rpt:A date is required here.
12/14/22, 15:49:36, 4, 0, D:\My Documents\Kuliah 2022\Ganjil 22-23\PBD_Hamdan\Aplikasi\PAplikasiToko_PBD_IF21Dx\PAplikasiToko_PBD_IF21Dx\bin\Debug\laporanPembelian.rpt:A date is required here.
12/14/22, 15:51:35, 4, 0, D:\My Documents\Kuliah 2022\Ganjil 22-23\PBD_Hamdan\Aplikasi\PAplikasiToko_PBD_IF21Dx\PAplikasiToko_PBD_IF21Dx\bin\Debug\laporanPembelian.rpt:A date is required here.
12/14/22, 15:51:38, 4, 0, D:\My Documents\Kuliah 2022\Ganjil 22-23\PBD_Hamdan\Aplikasi\PAplikasiToko_PBD_IF21Dx\PAplikasiToko_PBD_IF21Dx\bin\Debug\laporanPembelian.rpt:A date is required here.
12/14/22, 15:51:57, 4, 0, D:\My Documents\Kuliah 2022\Ganjil 22-23\PBD_Hamdan\Aplikasi\PAplikasiToko_PBD_IF21Dx\PAplikasiToko_PBD_IF21Dx\bin\Debug\laporanPembelian.rpt:A date is required here.
12/14/22, 15:51:59, 4, 0, D:\My Documents\Kuliah 2022\Ganjil 22-23\PBD_Hamdan\Aplikasi\PAplikasiToko_PBD_IF21Dx\PAplikasiToko_PBD_IF21Dx\bin\Debug\laporanPembelian.rpt:A date is required here.
12/14/22, 15:52:21, 4, 0, D:\My Documents\Kuliah 2022\Ganjil 22-23\PBD_Hamdan\Aplikasi\PAplikasiToko_PBD_IF21Dx\PAplikasiToko_PBD_IF21Dx\bin\Debug\laporanPembelian.rpt:A date is required here.
12/14/22, 15:56:34, 4, 0, D:\My Documents\Kuliah 2022\Ganjil 22-23\PBD_Hamdan\Aplikasi\PAplikasiToko_PBD_IF21Dx\PAplikasiToko_PBD_IF21Dx\bin\Debug\laporanPembelian.rpt:A date is required here.
12/14/22, 15:56:36, 4, 0, D:\My Documents\Kuliah 2022\Ganjil 22-23\PBD_Hamdan\Aplikasi\PAplikasiToko_PBD_IF21Dx\PAplikasiToko_PBD_IF21Dx\bin\Debug\laporanPembelian.rpt:A date is required here.
12/14/22, 15:56:37, 4, 0, D:\My Documents\Kuliah 2022\Ganjil 22-23\PBD_Hamdan\Aplikasi\PAplikasiToko_PBD_IF21Dx\PAplikasiToko_PBD_IF21Dx\bin\Debug\laporanPembelian.rpt:A date is required here.
12/14/22, 20:10:28, 4, 0, D:\My Documents\Kuliah 2022\Ganjil 22-23\PBD_Hamdan\Aplikasi\PAplikasiToko_PBD_IF21Dx\PAplikasiToko_PBD_IF21Dx\bin\Debug\laporanPembelian.rpt:A date is required here.
12/14/22, 20:10:31, 4, 0, D:\My Documents\Kuliah 2022\Ganjil 22-23\PBD_Hamdan\Aplikasi\PAplikasiToko_PBD_IF21Dx\PAplikasiToko_PBD_IF21Dx\bin\Debug\laporanPembelian.rpt:A date is required here.
12/14/22, 20:10:32, 4, 0, D:\My Documents\Kuliah 2022\Ganjil 22-23\PBD_Hamdan\Aplikasi\PAplikasiToko_PBD_IF21Dx\PAplikasiToko_PBD_IF21Dx\bin\Debug\laporanPembelian.rpt:A date is required here.
